Build started 22/12/2016 11:24:20 p.m..
     1>Project "D:\0 - PROGRAMS\1_VISUAL_STUDIO\ExercisesForProgrammers\10_Self_Checkout\10_Self_Checkout\10_Self_Checkout.vcxproj" on node 2 (Build target(s)).
     1>ClCompile:
         C:\Program Files (x86)\Microsoft Visual Studio 11.0\VC\bin\CL.exe /c /ZI /nologo /W3 /WX- /Od /Oy- /D WIN32 /D _DEBUG /D _CONSOLE /D _UNICODE /D UNICODE /Gm /EHsc /RTC1 /MDd /GS /fp:precise /Zc:wchar_t /Zc:forScope /Fo"Debug\\" /Fd"Debug\vc110.pdb" /Gd /TC /analyze- /errorReport:prompt selfCheckout.c
         selfCheckout.c
     1>d:\0 - programs\1_visual_studio\exercisesforprogrammers\10_self_checkout\10_self_checkout\selfcheckout.c(44): warning C4996: 'scanf': This function or variable may be unsafe. Consider using scanf_s instead. To disable deprecation, use _CRT_SECURE_NO_WARNINGS. See online help for details.
                 c:\program files (x86)\microsoft visual studio 11.0\vc\include\stdio.h(290) : see declaration of 'scanf'
     1>d:\0 - programs\1_visual_studio\exercisesforprogrammers\10_self_checkout\10_self_checkout\selfcheckout.c(46): warning C4996: 'scanf': This function or variable may be unsafe. Consider using scanf_s instead. To disable deprecation, use _CRT_SECURE_NO_WARNINGS. See online help for details.
                 c:\program files (x86)\microsoft visual studio 11.0\vc\include\stdio.h(290) : see declaration of 'scanf'
     1>d:\0 - programs\1_visual_studio\exercisesforprogrammers\10_self_checkout\10_self_checkout\selfcheckout.c(49): warning C4996: 'scanf': This function or variable may be unsafe. Consider using scanf_s instead. To disable deprecation, use _CRT_SECURE_NO_WARNINGS. See online help for details.
                 c:\program files (x86)\microsoft visual studio 11.0\vc\include\stdio.h(290) : see declaration of 'scanf'
     1>d:\0 - programs\1_visual_studio\exercisesforprogrammers\10_self_checkout\10_self_checkout\selfcheckout.c(51): warning C4996: 'scanf': This function or variable may be unsafe. Consider using scanf_s instead. To disable deprecation, use _CRT_SECURE_NO_WARNINGS. See online help for details.
                 c:\program files (x86)\microsoft visual studio 11.0\vc\include\stdio.h(290) : see declaration of 'scanf'
     1>d:\0 - programs\1_visual_studio\exercisesforprogrammers\10_self_checkout\10_self_checkout\selfcheckout.c(54): warning C4996: 'scanf': This function or variable may be unsafe. Consider using scanf_s instead. To disable deprecation, use _CRT_SECURE_NO_WARNINGS. See online help for details.
                 c:\program files (x86)\microsoft visual studio 11.0\vc\include\stdio.h(290) : see declaration of 'scanf'
     1>d:\0 - programs\1_visual_studio\exercisesforprogrammers\10_self_checkout\10_self_checkout\selfcheckout.c(56): warning C4996: 'scanf': This function or variable may be unsafe. Consider using scanf_s instead. To disable deprecation, use _CRT_SECURE_NO_WARNINGS. See online help for details.
                 c:\program files (x86)\microsoft visual studio 11.0\vc\include\stdio.h(290) : see declaration of 'scanf'
     1>d:\0 - programs\1_visual_studio\exercisesforprogrammers\10_self_checkout\10_self_checkout\selfcheckout.c(58): warning C4244: '=' : conversion from 'int' to 'float', possible loss of data
     1>d:\0 - programs\1_visual_studio\exercisesforprogrammers\10_self_checkout\10_self_checkout\selfcheckout.c(61): warning C4244: '=' : conversion from 'double' to 'float', possible loss of data
       Link:
         C:\Program Files (x86)\Microsoft Visual Studio 11.0\VC\bin\link.exe /ERRORREPORT:PROMPT /OUT:"D:\0 - PROGRAMS\1_VISUAL_STUDIO\ExercisesForProgrammers\10_Self_Checkout\Debug\10_Self_Checkout.exe" /INCREMENTAL /NOLOGO kernel32.lib user32.lib gdi32.lib winspool.lib comdlg32.lib advapi32.lib shell32.lib ole32.lib oleaut32.lib uuid.lib odbc32.lib odbccp32.lib /MANIFEST /MANIFESTUAC:"level='asInvoker' uiAccess='false'" /manifest:embed /DEBUG /PDB:"D:\0 - PROGRAMS\1_VISUAL_STUDIO\ExercisesForProgrammers\10_Self_Checkout\Debug\10_Self_Checkout.pdb" /SUBSYSTEM:CONSOLE /TLBID:1 /DYNAMICBASE /NXCOMPAT /IMPLIB:"D:\0 - PROGRAMS\1_VISUAL_STUDIO\ExercisesForProgrammers\10_Self_Checkout\Debug\10_Self_Checkout.lib" /MACHINE:X86 Debug\selfCheckout.obj
         10_Self_Checkout.vcxproj -> D:\0 - PROGRAMS\1_VISUAL_STUDIO\ExercisesForProgrammers\10_Self_Checkout\Debug\10_Self_Checkout.exe
     1>Done Building Project "D:\0 - PROGRAMS\1_VISUAL_STUDIO\ExercisesForProgrammers\10_Self_Checkout\10_Self_Checkout\10_Self_Checkout.vcxproj" (Build target(s)).

Build succeeded.

Time Elapsed 00:00:00.43
