Build started 05/01/2017 06:37:08 p.m..
     1>Project "D:\0 - PROGRAMS\1_VISUAL_STUDIO\ExercisesForProgrammers\12_Computing_Simple_Interest\12_Computing_Simple_Interest\12_Computing_Simple_Interest.vcxproj" on node 2 (Build target(s)).
     1>ClCompile:
         C:\Program Files (x86)\Microsoft Visual Studio 11.0\VC\bin\CL.exe /c /ZI /nologo /W3 /WX- /Od /Oy- /D WIN32 /D _DEBUG /D _CONSOLE /D _UNICODE /D UNICODE /Gm /EHsc /RTC1 /MDd /GS /fp:precise /Zc:wchar_t /Zc:forScope /Fo"Debug\\" /Fd"Debug\vc110.pdb" /Gd /TC /analyze- /errorReport:prompt ComputingSimpleInterest.c
         ComputingSimpleInterest.c
     1>d:\0 - programs\1_visual_studio\exercisesforprogrammers\12_computing_simple_interest\12_computing_simple_interest\computingsimpleinterest.c(42): warning C4244: '=' : conversion from 'double' to 'int', possible loss of data
     1>d:\0 - programs\1_visual_studio\exercisesforprogrammers\12_computing_simple_interest\12_computing_simple_interest\computingsimpleinterest.c(44): warning C4244: '=' : conversion from 'int' to 'float', possible loss of data
     1>d:\0 - programs\1_visual_studio\exercisesforprogrammers\12_computing_simple_interest\12_computing_simple_interest\computingsimpleinterest.c(57): warning C4996: 'scanf': This function or variable may be unsafe. Consider using scanf_s instead. To disable deprecation, use _CRT_SECURE_NO_WARNINGS. See online help for details.
                 c:\program files (x86)\microsoft visual studio 11.0\vc\include\stdio.h(290) : see declaration of 'scanf'
     1>d:\0 - programs\1_visual_studio\exercisesforprogrammers\12_computing_simple_interest\12_computing_simple_interest\computingsimpleinterest.c(60): warning C4996: 'scanf': This function or variable may be unsafe. Consider using scanf_s instead. To disable deprecation, use _CRT_SECURE_NO_WARNINGS. See online help for details.
                 c:\program files (x86)\microsoft visual studio 11.0\vc\include\stdio.h(290) : see declaration of 'scanf'
     1>d:\0 - programs\1_visual_studio\exercisesforprogrammers\12_computing_simple_interest\12_computing_simple_interest\computingsimpleinterest.c(66): warning C4996: 'scanf': This function or variable may be unsafe. Consider using scanf_s instead. To disable deprecation, use _CRT_SECURE_NO_WARNINGS. See online help for details.
                 c:\program files (x86)\microsoft visual studio 11.0\vc\include\stdio.h(290) : see declaration of 'scanf'
     1>d:\0 - programs\1_visual_studio\exercisesforprogrammers\12_computing_simple_interest\12_computing_simple_interest\computingsimpleinterest.c(68): warning C4244: '=' : conversion from 'double' to 'float', possible loss of data
       Link:
         C:\Program Files (x86)\Microsoft Visual Studio 11.0\VC\bin\link.exe /ERRORREPORT:PROMPT /OUT:"D:\0 - PROGRAMS\1_VISUAL_STUDIO\ExercisesForProgrammers\12_Computing_Simple_Interest\Debug\12_Computing_Simple_Interest.exe" /INCREMENTAL /NOLOGO kernel32.lib user32.lib gdi32.lib winspool.lib comdlg32.lib advapi32.lib shell32.lib ole32.lib oleaut32.lib uuid.lib odbc32.lib odbccp32.lib /MANIFEST /MANIFESTUAC:"level='asInvoker' uiAccess='false'" /manifest:embed /DEBUG /PDB:"D:\0 - PROGRAMS\1_VISUAL_STUDIO\ExercisesForProgrammers\12_Computing_Simple_Interest\Debug\12_Computing_Simple_Interest.pdb" /SUBSYSTEM:CONSOLE /TLBID:1 /DYNAMICBASE /NXCOMPAT /IMPLIB:"D:\0 - PROGRAMS\1_VISUAL_STUDIO\ExercisesForProgrammers\12_Computing_Simple_Interest\Debug\12_Computing_Simple_Interest.lib" /MACHINE:X86 Debug\ComputingSimpleInterest.obj
         12_Computing_Simple_Interest.vcxproj -> D:\0 - PROGRAMS\1_VISUAL_STUDIO\ExercisesForProgrammers\12_Computing_Simple_Interest\Debug\12_Computing_Simple_Interest.exe
     1>Done Building Project "D:\0 - PROGRAMS\1_VISUAL_STUDIO\ExercisesForProgrammers\12_Computing_Simple_Interest\12_Computing_Simple_Interest\12_Computing_Simple_Interest.vcxproj" (Build target(s)).

Build succeeded.

Time Elapsed 00:00:01.14
