Build started 22/12/2016 10:19:45 a.m..
     1>Project "D:\0 - PROGRAMS\1_VISUAL_STUDIO\ExercisesForProgrammers\1_Saying_Hello\1_Saying_Hello\1_Saying_Hello.vcxproj" on node 2 (Build target(s)).
     1>ClCompile:
         C:\Program Files (x86)\Microsoft Visual Studio 11.0\VC\bin\CL.exe /c /ZI /nologo /W3 /WX- /Od /Oy- /D WIN32 /D _DEBUG /D _CONSOLE /D _UNICODE /D UNICODE /Gm /EHsc /RTC1 /MDd /GS /fp:precise /Zc:wchar_t /Zc:forScope /Fo"Debug\\" /Fd"Debug\vc110.pdb" /Gd /TC /analyze- /errorReport:prompt SayingHello.c
         SayingHello.c
     1>d:\0 - programs\1_visual_studio\exercisesforprogrammers\1_saying_hello\1_saying_hello\sayinghello.c(17): warning C4996: 'scanf': This function or variable may be unsafe. Consider using scanf_s instead. To disable deprecation, use _CRT_SECURE_NO_WARNINGS. See online help for details.
                 c:\program files (x86)\microsoft visual studio 11.0\vc\include\stdio.h(290) : see declaration of 'scanf'
     1>d:\0 - programs\1_visual_studio\exercisesforprogrammers\1_saying_hello\1_saying_hello\sayinghello.c(20): warning C4996: 'strcat': This function or variable may be unsafe. Consider using strcat_s instead. To disable deprecation, use _CRT_SECURE_NO_WARNINGS. See online help for details.
                 c:\program files (x86)\microsoft visual studio 11.0\vc\include\string.h(115) : see declaration of 'strcat'
     1>d:\0 - programs\1_visual_studio\exercisesforprogrammers\1_saying_hello\1_saying_hello\sayinghello.c(21): warning C4996: 'strcat': This function or variable may be unsafe. Consider using strcat_s instead. To disable deprecation, use _CRT_SECURE_NO_WARNINGS. See online help for details.
                 c:\program files (x86)\microsoft visual studio 11.0\vc\include\string.h(115) : see declaration of 'strcat'
     1>d:\0 - programs\1_visual_studio\exercisesforprogrammers\1_saying_hello\1_saying_hello\sayinghello.c(22): warning C4996: 'strcat': This function or variable may be unsafe. Consider using strcat_s instead. To disable deprecation, use _CRT_SECURE_NO_WARNINGS. See online help for details.
                 c:\program files (x86)\microsoft visual studio 11.0\vc\include\string.h(115) : see declaration of 'strcat'
     1>d:\0 - programs\1_visual_studio\exercisesforprogrammers\1_saying_hello\1_saying_hello\sayinghello.c(9): warning C4101: 'counter' : unreferenced local variable
       Link:
         C:\Program Files (x86)\Microsoft Visual Studio 11.0\VC\bin\link.exe /ERRORREPORT:PROMPT /OUT:"D:\0 - PROGRAMS\1_VISUAL_STUDIO\ExercisesForProgrammers\1_Saying_Hello\Debug\1_Saying_Hello.exe" /INCREMENTAL /NOLOGO kernel32.lib user32.lib gdi32.lib winspool.lib comdlg32.lib advapi32.lib shell32.lib ole32.lib oleaut32.lib uuid.lib odbc32.lib odbccp32.lib /MANIFEST /MANIFESTUAC:"level='asInvoker' uiAccess='false'" /manifest:embed /DEBUG /PDB:"D:\0 - PROGRAMS\1_VISUAL_STUDIO\ExercisesForProgrammers\1_Saying_Hello\Debug\1_Saying_Hello.pdb" /SUBSYSTEM:CONSOLE /TLBID:1 /DYNAMICBASE /NXCOMPAT /IMPLIB:"D:\0 - PROGRAMS\1_VISUAL_STUDIO\ExercisesForProgrammers\1_Saying_Hello\Debug\1_Saying_Hello.lib" /MACHINE:X86 Debug\SayingHello.obj
         1_Saying_Hello.vcxproj -> D:\0 - PROGRAMS\1_VISUAL_STUDIO\ExercisesForProgrammers\1_Saying_Hello\Debug\1_Saying_Hello.exe
     1>Done Building Project "D:\0 - PROGRAMS\1_VISUAL_STUDIO\ExercisesForProgrammers\1_Saying_Hello\1_Saying_Hello\1_Saying_Hello.vcxproj" (Build target(s)).

Build succeeded.

Time Elapsed 00:00:00.37
